[21:59:14] [main/INFO]: Loading Minecraft 1.21.10 with Fabric Loader 0.17.2
[21:59:14] [main/INFO]: Fabric is preparing JARs on first launch, this may take a few seconds...
[21:59:14] [main/INFO]: Loading 4 mods:
	- fabricloader 0.17.2
	   \-- mixinextras 0.5.0
	- java 21
	- minecraft 1.21.10
[21:59:14] [main/INFO]: SpongePowered MIXIN Subsystem Version=0.8.7 Source=file:/workspaces/Server_Minecraft2/servidor_minecraft/libraries/net/fabricmc/sponge-mixin/0.16.3+mixin.0.8.7/sponge-mixin-0.16.3+mixin.0.8.7.jar Service=Knot/Fabric Env=SERVER
[21:59:20] [main/INFO]: Environment: Environment[sessionHost=https://sessionserver.mojang.com, servicesHost=https://api.minecraftservices.com, profilesHost=https://api.mojang.com, name=PROD]
[21:59:20] [main/INFO]: No existing world data, creating new world
[21:59:21] [main/INFO]: Loaded 1461 recipes
[21:59:21] [main/INFO]: Loaded 1574 advancements
[21:59:21] [Server thread/INFO]: Starting minecraft server version 1.21.10
[21:59:21] [Server thread/INFO]: Loading properties
[21:59:21] [Server thread/INFO]: Default game type: SURVIVAL
[21:59:21] [Server thread/INFO]: Generating keypair
[21:59:21] [Server thread/INFO]: Starting Minecraft server on *:25565
[21:59:21] [Server thread/INFO]: Using epoll channel type
[21:59:21] [Server thread/WARN]: **** SERVER IS RUNNING IN OFFLINE/INSECURE MODE!
[21:59:21] [Server thread/WARN]: The server will make no attempt to authenticate usernames. Beware.
[21:59:21] [Server thread/WARN]: While this makes the game possible to play without internet access, it also opens up the ability for hackers to connect with any username they choose.
[21:59:21] [Server thread/WARN]: To change this, set "online-mode" to "true" in the server.properties file.
[21:59:21] [Server thread/INFO]: Preparing level "world"
[21:59:21] [Server thread/INFO]: Selecting global world spawn...
[21:59:28] [Server thread/INFO]: Loading 0 persistent chunks...
[21:59:28] [Server thread/INFO]: Preparing spawn area: 100%
[21:59:28] [Server thread/INFO]: Time elapsed: 6190 ms
[21:59:28] [Server thread/INFO]: Done (6.495s)! For help, type "help"
[21:59:41] [Server thread/INFO]: Erni[/127.79.223.24:54829] logged in with entity id 51 at (163.5, 76.0, -7.5)
[21:59:41] [Server thread/INFO]: Erni joined the game
[22:04:28] [Server thread/INFO]: [Not Secure] <Erni> register-animals.gl.joinmc.link
[22:11:42] [Server thread/INFO]: Erni has made the advancement [Stone Age]
[22:13:55] [Server thread/INFO]: Erni has made the advancement [Getting an Upgrade]
[22:16:11] [Server thread/INFO]: Erni has made the advancement [Monster Hunter]
[22:37:02] [Server thread/INFO]: Erni lost connection: Disconnected
[22:37:02] [Server thread/INFO]: Erni left the game
[22:38:02] [Server thread/INFO]: Server empty for 60 seconds, pausing
[22:39:14] [Server thread/INFO]: Erni[/127.79.223.24:43831] logged in with entity id 5197 at (147.30000001192093, 69.0, -6.300000011920929)
[22:39:14] [Server thread/INFO]: Erni joined the game
[22:42:00] [Server thread/INFO]: Erni lost connection: Disconnected
[22:42:00] [Server thread/INFO]: Erni left the game
[22:43:00] [Server thread/INFO]: Server empty for 60 seconds, pausing
